<?xml version="1.0" encoding="UTF-8"?>
<!-- Generated by org.testng.reporters.JUnitXMLReporter -->
<testsuite ignored="0" hostname="Dimenions" failures="0" tests="5" name="Surefire test" time="182.089" errors="0" timestamp="2020-11-07T15:26:20 GMT+04:00">
  <testcase classname="TestsDNS" name="AuthTest" time="14.166"/>
  <testcase classname="TestsDNS" name="CartTesting" time="85.377"/>
  <testcase classname="TestsDNS" name="CityChangeTest" time="25.698"/>
  <testcase classname="TestsDNS" name="CityChangeTest" time="28.154"/>
  <testcase classname="TestsDNS" name="CityChangeTest" time="28.195"/>
</testsuite> <!-- Surefire test -->
