<?xml version="1.0" encoding="UTF-8"?>
<!-- Generated by org.testng.reporters.JUnitXMLReporter -->
<testsuite ignored="0" hostname="Dimenions" failures="0" tests="5" name="Surefire test" time="153.442" errors="0" timestamp="2020-12-25T19:08:07 GMT+04:00">
  <testcase classname="TestsDNS" name="AuthTest" time="4.721"/>
  <testcase classname="TestsDNS" name="CartTesting" time="72.299"/>
  <testcase classname="TestsDNS" name="CityChangeTest" time="14.937"/>
  <testcase classname="TestsDNS" name="CityChangeTest" time="15.471"/>
  <testcase classname="TestsDNS" name="CityChangeTest" time="15.2"/>
</testsuite> <!-- Surefire test -->
