<?xml version="1.0" encoding="UTF-8"?>
<testng-results ignored="0" total="5" passed="4" failed="1" skipped="0">
  <reporter-output>
  </reporter-output>
  <suite started-at="2020-12-25T18:54:01 GMT+04:00" name="Surefire suite" finished-at="2020-12-25T18:56:24 GMT+04:00" duration-ms="143121">
    <groups>
    </groups>
    <test started-at="2020-12-25T18:54:01 GMT+04:00" name="Surefire test" finished-at="2020-12-25T18:56:24 GMT+04:00" duration-ms="143121">
      <class name="TestsDNS">
        <test-method is-config="true" signature="StartUp()[pri:0, instance:TestsDNS@16943e88]" started-at="2020-12-25T18:54:01 GMT+04:00" name="StartUp" finished-at="2020-12-25T18:54:08 GMT+04:00" duration-ms="7224" status="PASS">
          <reporter-output>
          </reporter-output>
        </test-method> <!-- StartUp -->
        <test-method signature="AuthTest()[pri:0, instance:TestsDNS@16943e88]" started-at="2020-12-25T18:54:08 GMT+04:00" name="AuthTest" finished-at="2020-12-25T18:54:12 GMT+04:00" duration-ms="3509" status="PASS">
          <reporter-output>
          </reporter-output>
        </test-method> <!-- AuthTest -->
        <test-method is-config="true" signature="CloseWindow()[pri:0, instance:TestsDNS@16943e88]" started-at="2020-12-25T18:54:12 GMT+04:00" name="CloseWindow" finished-at="2020-12-25T18:54:12 GMT+04:00" duration-ms="128" status="PASS">
          <reporter-output>
          </reporter-output>
        </test-method> <!-- CloseWindow -->
        <test-method is-config="true" signature="StartUp()[pri:0, instance:TestsDNS@16943e88]" started-at="2020-12-25T18:54:12 GMT+04:00" name="StartUp" finished-at="2020-12-25T18:54:16 GMT+04:00" duration-ms="4234" status="PASS">
          <reporter-output>
          </reporter-output>
        </test-method> <!-- StartUp -->
        <test-method signature="CartTesting()[pri:0, instance:TestsDNS@16943e88]" started-at="2020-12-25T18:54:16 GMT+04:00" name="CartTesting" finished-at="2020-12-25T18:55:29 GMT+04:00" duration-ms="73199" status="FAIL">
          <exception class="org.openqa.selenium.TimeoutException">
            <message>
              <![CDATA[Expected condition failed: waiting for CartPage$$Lambda$475/0x0000000800e25ee8@7404ddca (tried for 10 second(s) with 500 milliseconds interval)
Build info: version: '3.141.59', revision: 'e82be7d358', time: '2018-11-14T08:17:03'
System info: host: 'DIMENIONS', ip: '192.168.0.83', os.name: 'Windows 10', os.arch: 'amd64', os.version: '10.0', java.version: '15'
Driver info: org.openqa.selenium.opera.OperaDriver
Capabilities {acceptInsecureCerts: false, acceptSslCerts: false, applicationCacheEnabled: false, browserConnectionEnabled: false, browserName: opera, cssSelectorsEnabled: true, databaseEnabled: false, goog:chromeOptions: {debuggerAddress: localhost:3151}, handlesAlerts: true, hasTouchScreen: false, javascriptEnabled: true, locationContextEnabled: true, mobileEmulationEnabled: false, nativeEvents: true, networkConnectionEnabled: false, opera: {operadriverVersion: 87.0.4280.67 (0e5d92df40086..., userDataDir: C:\Users\DIMENI~1\AppData\L...}, pageLoadStrategy: normal, platform: WINDOWS, platformName: WINDOWS, proxy: Proxy(), rotatable: false, setWindowRect: true, strictFileInteractability: false, takesHeapSnapshot: true, takesScreenshot: true, timeouts: {implicit: 0, pageLoad: 300000, script: 30000}, unexpectedAlertBehaviour: ignore, unhandledPromptBehavior: ignore, version: 87.0.4280.88, webStorageEnabled: true, webauthn:virtualAuthenticators: true}
Session ID: 5348c40e0c3a94e36e61cbcc782aeb10]]>
            </message>
            <full-stacktrace>
              <![CDATA[org.openqa.selenium.TimeoutException: Expected condition failed: waiting for CartPage$$Lambda$475/0x0000000800e25ee8@7404ddca (tried for 10 second(s) with 500 milliseconds interval)
Build info: version: '3.141.59', revision: 'e82be7d358', time: '2018-11-14T08:17:03'
System info: host: 'DIMENIONS', ip: '192.168.0.83', os.name: 'Windows 10', os.arch: 'amd64', os.version: '10.0', java.version: '15'
Driver info: org.openqa.selenium.opera.OperaDriver
Capabilities {acceptInsecureCerts: false, acceptSslCerts: false, applicationCacheEnabled: false, browserConnectionEnabled: false, browserName: opera, cssSelectorsEnabled: true, databaseEnabled: false, goog:chromeOptions: {debuggerAddress: localhost:3151}, handlesAlerts: true, hasTouchScreen: false, javascriptEnabled: true, locationContextEnabled: true, mobileEmulationEnabled: false, nativeEvents: true, networkConnectionEnabled: false, opera: {operadriverVersion: 87.0.4280.67 (0e5d92df40086..., userDataDir: C:\Users\DIMENI~1\AppData\L...}, pageLoadStrategy: normal, platform: WINDOWS, platformName: WINDOWS, proxy: Proxy(), rotatable: false, setWindowRect: true, strictFileInteractability: false, takesHeapSnapshot: true, takesScreenshot: true, timeouts: {implicit: 0, pageLoad: 300000, script: 30000}, unexpectedAlertBehaviour: ignore, unhandledPromptBehavior: ignore, version: 87.0.4280.88, webStorageEnabled: true, webauthn:virtualAuthenticators: true}
Session ID: 5348c40e0c3a94e36e61cbcc782aeb10
at org.openqa.selenium.support.ui.WebDriverWait.timeoutException(WebDriverWait.java:95)
at org.openqa.selenium.support.ui.FluentWait.until(FluentWait.java:272)
at CartPage.TestCart(CartPage.java:36)
at TestsDNS.CartTesting(TestsDNS.java:58)
at java.base/jdk.internal.reflect.NativeMethodAccessorImpl.invoke0(Native Method)
at java.base/jdk.internal.reflect.NativeMethodAccessorImpl.invoke(NativeMethodAccessorImpl.java:64)
at java.base/jdk.internal.reflect.DelegatingMethodAccessorImpl.invoke(DelegatingMethodAccessorImpl.java:43)
at java.base/java.lang.reflect.Method.invoke(Method.java:564)
at org.testng.internal.MethodInvocationHelper.invokeMethod(MethodInvocationHelper.java:132)
at org.testng.internal.TestInvoker.invokeMethod(TestInvoker.java:599)
at org.testng.internal.TestInvoker.invokeTestMethod(TestInvoker.java:174)
at org.testng.internal.MethodRunner.runInSequence(MethodRunner.java:46)
at org.testng.internal.TestInvoker$MethodInvocationAgent.invoke(TestInvoker.java:822)
at org.testng.internal.TestInvoker.invokeTestMethods(TestInvoker.java:147)
at org.testng.internal.TestMethodWorker.invokeTestMethods(TestMethodWorker.java:146)
at org.testng.internal.TestMethodWorker.run(TestMethodWorker.java:128)
at java.base/java.util.ArrayList.forEach(ArrayList.java:1511)
at org.testng.TestRunner.privateRun(TestRunner.java:764)
at org.testng.TestRunner.run(TestRunner.java:585)
at org.testng.SuiteRunner.runTest(SuiteRunner.java:384)
at org.testng.SuiteRunner.runSequentially(SuiteRunner.java:378)
at org.testng.SuiteRunner.privateRun(SuiteRunner.java:337)
at org.testng.SuiteRunner.run(SuiteRunner.java:286)
at org.testng.SuiteRunnerWorker.runSuite(SuiteRunnerWorker.java:53)
at org.testng.SuiteRunnerWorker.run(SuiteRunnerWorker.java:96)
at org.testng.TestNG.runSuitesSequentially(TestNG.java:1218)
at org.testng.TestNG.runSuitesLocally(TestNG.java:1140)
at org.testng.TestNG.runSuites(TestNG.java:1069)
at org.testng.TestNG.run(TestNG.java:1037)
at org.apache.maven.surefire.testng.TestNGExecutor.run(TestNGExecutor.java:136)
at org.apache.maven.surefire.testng.TestNGDirectoryTestSuite.executeSingleClass(TestNGDirectoryTestSuite.java:112)
at org.apache.maven.surefire.testng.TestNGDirectoryTestSuite.execute(TestNGDirectoryTestSuite.java:99)
at org.apache.maven.surefire.testng.TestNGProvider.invoke(TestNGProvider.java:145)
at org.apache.maven.surefire.booter.ForkedBooter.runSuitesInProcess(ForkedBooter.java:428)
at org.apache.maven.surefire.booter.ForkedBooter.execute(ForkedBooter.java:162)
at org.apache.maven.surefire.booter.ForkedBooter.run(ForkedBooter.java:562)
at org.apache.maven.surefire.booter.ForkedBooter.main(ForkedBooter.java:548)
]]>
            </full-stacktrace>
          </exception> <!-- org.openqa.selenium.TimeoutException -->
          <reporter-output>
          </reporter-output>
        </test-method> <!-- CartTesting -->
        <test-method is-config="true" signature="CloseWindow()[pri:0, instance:TestsDNS@16943e88]" started-at="2020-12-25T18:55:29 GMT+04:00" name="CloseWindow" finished-at="2020-12-25T18:55:29 GMT+04:00" duration-ms="165" status="PASS">
          <reporter-output>
          </reporter-output>
        </test-method> <!-- CloseWindow -->
        <test-method is-config="true" signature="StartUp()[pri:0, instance:TestsDNS@16943e88]" started-at="2020-12-25T18:55:29 GMT+04:00" name="StartUp" finished-at="2020-12-25T18:55:34 GMT+04:00" duration-ms="4237" status="PASS">
          <reporter-output>
          </reporter-output>
        </test-method> <!-- StartUp -->
        <test-method signature="CityChangeTest(java.lang.String)[pri:0, instance:TestsDNS@16943e88]" started-at="2020-12-25T18:55:34 GMT+04:00" name="CityChangeTest" data-provider="CitysOfDNS" finished-at="2020-12-25T18:55:47 GMT+04:00" duration-ms="13465" status="PASS">
          <params>
            <param index="0">
              <value>
                <![CDATA[Камышин]]>
              </value>
            </param>
          </params>
          <reporter-output>
          </reporter-output>
        </test-method> <!-- CityChangeTest -->
        <test-method is-config="true" signature="CloseWindow()[pri:0, instance:TestsDNS@16943e88]" started-at="2020-12-25T18:55:47 GMT+04:00" name="CloseWindow" finished-at="2020-12-25T18:55:47 GMT+04:00" duration-ms="114" status="PASS">
          <reporter-output>
          </reporter-output>
        </test-method> <!-- CloseWindow -->
        <test-method is-config="true" signature="StartUp()[pri:0, instance:TestsDNS@16943e88]" started-at="2020-12-25T18:55:47 GMT+04:00" name="StartUp" finished-at="2020-12-25T18:55:51 GMT+04:00" duration-ms="3966" status="PASS">
          <reporter-output>
          </reporter-output>
        </test-method> <!-- StartUp -->
        <test-method signature="CityChangeTest(java.lang.String)[pri:0, instance:TestsDNS@16943e88]" started-at="2020-12-25T18:55:51 GMT+04:00" name="CityChangeTest" data-provider="CitysOfDNS" finished-at="2020-12-25T18:56:05 GMT+04:00" duration-ms="14191" status="PASS">
          <params>
            <param index="0">
              <value>
                <![CDATA[Волгоград]]>
              </value>
            </param>
          </params>
          <reporter-output>
          </reporter-output>
        </test-method> <!-- CityChangeTest -->
        <test-method is-config="true" signature="CloseWindow()[pri:0, instance:TestsDNS@16943e88]" started-at="2020-12-25T18:56:05 GMT+04:00" name="CloseWindow" finished-at="2020-12-25T18:56:06 GMT+04:00" duration-ms="106" status="PASS">
          <reporter-output>
          </reporter-output>
        </test-method> <!-- CloseWindow -->
        <test-method is-config="true" signature="StartUp()[pri:0, instance:TestsDNS@16943e88]" started-at="2020-12-25T18:56:06 GMT+04:00" name="StartUp" finished-at="2020-12-25T18:56:10 GMT+04:00" duration-ms="3957" status="PASS">
          <reporter-output>
          </reporter-output>
        </test-method> <!-- StartUp -->
        <test-method signature="CityChangeTest(java.lang.String)[pri:0, instance:TestsDNS@16943e88]" started-at="2020-12-25T18:56:10 GMT+04:00" name="CityChangeTest" data-provider="CitysOfDNS" finished-at="2020-12-25T18:56:24 GMT+04:00" duration-ms="14230" status="PASS">
          <params>
            <param index="0">
              <value>
                <![CDATA[Владивосток]]>
              </value>
            </param>
          </params>
          <reporter-output>
          </reporter-output>
        </test-method> <!-- CityChangeTest -->
        <test-method is-config="true" signature="CloseWindow()[pri:0, instance:TestsDNS@16943e88]" started-at="2020-12-25T18:56:24 GMT+04:00" name="CloseWindow" finished-at="2020-12-25T18:56:24 GMT+04:00" duration-ms="127" status="PASS">
          <reporter-output>
          </reporter-output>
        </test-method> <!-- CloseWindow -->
      </class> <!-- TestsDNS -->
    </test> <!-- Surefire test -->
  </suite> <!-- Surefire suite -->
</testng-results>
