<?xml version="1.0" encoding="UTF-8"?>
<testsuite xmlns:xsi="http://www.w3.org/2001/XMLSchema-instance" xsi:noNamespaceSchemaLocation="https://maven.apache.org/surefire/maven-surefire-plugin/xsd/surefire-test-report-3.0.xsd" version="3.0" name="TestsDNS" time="154.717" tests="5" errors="0" skipped="0" failures="0">
  <properties>
[...]
</properties>
  <testcase name="AuthTest" classname="TestsDNS" time="4.693">
    <system-err><![CDATA[SLF4J: Failed to load class "org.slf4j.impl.StaticLoggerBinder".
SLF4J: Defaulting to no-operation (NOP) logger implementation
SLF4J: See http://www.slf4j.org/codes.html#StaticLoggerBinder for further details.
Starting OperaDriver 87.0.4280.67 (0e5d92df40086cf0050c00f87b11da1b14580930-refs/branch-heads/4280@{#1441}) on port 17054
Only local connections are allowed.
Please see https://chromedriver.chromium.org/security-considerations for suggestions on keeping OperaDriver safe.
OperaDriver was started successfully.
дек. 25, 2020 7:05:35 PM org.openqa.selenium.remote.ProtocolHandshake createSession
INFO: Detected dialect: OSS
]]></system-err>
  </testcase>
  <testcase name="CartTesting" classname="TestsDNS" time="72.294">
    <system-out><![CDATA[1 599 ₽
1 399 ₽
1 299 ₽
1 299 ₽
1 399 ₽
1 499 ₽
1 250 ₽
1 399 ₽
1 399 ₽
1 499 ₽
1 699 ₽
1 550 ₽
1 250 ₽
999 ₽
1 099 ₽
1 299 ₽
999 ₽
999 ₽
1 299 ₽
1 099 ₽
1 550 ₽
1 050 ₽
1 899 ₽
1 999 ₽
1 950 ₽
1 199 ₽
1 099 ₽
1 099 ₽
1 099 ₽
1 099 ₽
1 099 ₽
1 099 ₽
1 099 ₽
1 099 ₽
1 099 ₽
1 099 ₽
1299
Мы просто подождали 10 секунды
2598
Мы просто подождали 10 секунды
]]></system-out>
    <system-err><![CDATA[Starting OperaDriver 87.0.4280.67 (0e5d92df40086cf0050c00f87b11da1b14580930-refs/branch-heads/4280@{#1441}) on port 32092
Only local connections are allowed.
Please see https://chromedriver.chromium.org/security-considerations for suggestions on keeping OperaDriver safe.
OperaDriver was started successfully.
дек. 25, 2020 7:05:47 PM org.openqa.selenium.remote.ProtocolHandshake createSession
INFO: Detected dialect: OSS
]]></system-err>
  </testcase>
  <testcase name="CityChangeTest[Камышин](1)" classname="TestsDNS" time="14.931">
    <system-out><![CDATA[Мы просто подождали три секунды.
Камышин
]]></system-out>
    <system-err><![CDATA[Starting OperaDriver 87.0.4280.67 (0e5d92df40086cf0050c00f87b11da1b14580930-refs/branch-heads/4280@{#1441}) on port 9188
Only local connections are allowed.
Please see https://chromedriver.chromium.org/security-considerations for suggestions on keeping OperaDriver safe.
OperaDriver was started successfully.
дек. 25, 2020 7:07:07 PM org.openqa.selenium.remote.ProtocolHandshake createSession
INFO: Detected dialect: OSS
]]></system-err>
  </testcase>
  <testcase name="CityChangeTest[Волгоград](2)" classname="TestsDNS" time="15.47">
    <system-out><![CDATA[Мы просто подождали три секунды.
Волгоград
]]></system-out>
    <system-err><![CDATA[Starting OperaDriver 87.0.4280.67 (0e5d92df40086cf0050c00f87b11da1b14580930-refs/branch-heads/4280@{#1441}) on port 47981
Only local connections are allowed.
Please see https://chromedriver.chromium.org/security-considerations for suggestions on keeping OperaDriver safe.
OperaDriver was started successfully.
дек. 25, 2020 7:07:29 PM org.openqa.selenium.remote.ProtocolHandshake createSession
INFO: Detected dialect: OSS
]]></system-err>
  </testcase>
  <testcase name="CityChangeTest[Владивосток](3)" classname="TestsDNS" time="15.198">
    <system-out><![CDATA[Мы просто подождали три секунды.
Владивосток
]]></system-out>
    <system-err><![CDATA[Starting OperaDriver 87.0.4280.67 (0e5d92df40086cf0050c00f87b11da1b14580930-refs/branch-heads/4280@{#1441}) on port 9217
Only local connections are allowed.
Please see https://chromedriver.chromium.org/security-considerations for suggestions on keeping OperaDriver safe.
OperaDriver was started successfully.
дек. 25, 2020 7:07:48 PM org.openqa.selenium.remote.ProtocolHandshake createSession
INFO: Detected dialect: OSS
]]></system-err>
  </testcase>
</testsuite>